<?xml version="1.0" encoding="UTF-8"?>
<!-- Generated by org.testng.reporters.JUnitReportReporter -->
<testsuite hostname="GLB-BLR-303-PC" failures="0" tests="1" name="SumValidation" time="0.735" errors="0" timestamp="2024-10-09T14:38:17 IST" skipped="0">
  <testcase classname="SumValidation" name="CoursePrice" time="0.735"/>
</testsuite> <!-- SumValidation -->
